<?xml version="1.0" encoding="UTF-8"?>
<!-- Generated by org.testng.reporters.JUnitXMLReporter -->
<testsuite ignored="0" hostname="Sagar" failures="2" tests="2" name="Default test" time="3.361" errors="0" timestamp="2024-07-01T02:24:41 IST">
  <testcase classname="io.cucumber.testng.AbstractTestNGCucumberTests" name="runScenario" time="2.828">
    <failure type="java.lang.NullPointerException" message="Cannot invoke &amp;quot;com.aventstack.extentreports.ExtentTest.info(String)&amp;quot; because the return value of &amp;quot;com.tbe.reports.ExtentReportManager.getExtentTest()&amp;quot; is null">
      <![CDATA[java.lang.NullPointerException: Cannot invoke "com.aventstack.extentreports.ExtentTest.info(String)" because the return value of "com.tbe.reports.ExtentReportManager.getExtentTest()" is null
at com.tbe.reports.ExtentLogger.info(ExtentLogger.java:22)
at com.tbe.utils.ActionHelper.waitForElementClickable(ActionHelper.java:38)
at com.tbe.utils.ActionHelper.click(ActionHelper.java:17)
at com.tbe.pages.LoginPage.clickOnLoginIcon(LoginPage.java:19)
at StepDefinations.LoginSteps.verifyUserOnLoginPage(LoginSteps.java:16)
at ✽.User is on login page(file:///C:/Users/sagar/eclipse-workspace/CucumberFramework/src/test/resources/Features/login.feature:7)
]]>
    </failure>
  </testcase> <!-- runScenario -->
  <testcase classname="io.cucumber.testng.AbstractTestNGCucumberTests" name="runScenario" time="0.064">
    <failure type="java.lang.NullPointerException" message="Cannot invoke &amp;quot;com.aventstack.extentreports.ExtentTest.info(String)&amp;quot; because the return value of &amp;quot;com.tbe.reports.ExtentReportManager.getExtentTest()&amp;quot; is null">
      <![CDATA[java.lang.NullPointerException: Cannot invoke "com.aventstack.extentreports.ExtentTest.info(String)" because the return value of "com.tbe.reports.ExtentReportManager.getExtentTest()" is null
at com.tbe.reports.ExtentLogger.info(ExtentLogger.java:22)
at com.tbe.utils.ActionHelper.waitForElementClickable(ActionHelper.java:38)
at com.tbe.utils.ActionHelper.click(ActionHelper.java:17)
at com.tbe.pages.LoginPage.clickOnLoginIcon(LoginPage.java:19)
at StepDefinations.LoginSteps.verifyUserOnLoginPage(LoginSteps.java:16)
at ✽.User is on login page(file:///C:/Users/sagar/eclipse-workspace/CucumberFramework/src/test/resources/Features/login.feature:7)
]]>
    </failure>
  </testcase> <!-- runScenario -->
</testsuite> <!-- Default test -->
