<?xml version="1.0" encoding="UTF-8"?>
<testng-results ignored="0" total="2" passed="0" failed="2" skipped="0">
  <reporter-output>
  </reporter-output>
  <suite started-at="2024-07-01T02:24:38 IST" name="Default suite" finished-at="2024-07-01T02:24:41 IST" duration-ms="3361">
    <groups>
      <group name="cucumber">
        <method signature="AbstractTestNGCucumberTests.runScenario(io.cucumber.testng.PickleWrapper,io.cucumber.testng.FeatureWrapper)[pri:0, instance:StepDefinations.TestRunnerClass@7c6908d7]" name="runScenario" class="io.cucumber.testng.AbstractTestNGCucumberTests"/>
      </group> <!-- cucumber -->
    </groups>
    <test started-at="2024-07-01T02:24:38 IST" name="Default test" finished-at="2024-07-01T02:24:41 IST" duration-ms="3361">
      <class name="StepDefinations.TestRunnerClass">
        <test-method is-config="true" signature="setUpClass(org.testng.ITestContext)[pri:0, instance:StepDefinations.TestRunnerClass@7c6908d7]" started-at="2024-07-01T02:24:38 IST" name="setUpClass" finished-at="2024-07-01T02:24:38 IST" duration-ms="417" status="PASS">
          <params>
            <param index="0">
              <value>
                <![CDATA[org.testng.TestRunner@5edf2821]]>
              </value>
            </param>
          </params>
          <reporter-output>
          </reporter-output>
        </test-method> <!-- setUpClass -->
        <test-method signature="runScenario(io.cucumber.testng.PickleWrapper,io.cucumber.testng.FeatureWrapper)[pri:0, instance:StepDefinations.TestRunnerClass@7c6908d7]" started-at="2024-07-01T02:24:38 IST" name="runScenario" description="Runs Cucumber Scenarios" data-provider="scenarios" finished-at="2024-07-01T02:24:41 IST" duration-ms="2828" status="FAIL">
          <params>
            <param index="0">
              <value>
                <![CDATA["Check login is success with valid credentials"]]>
              </value>
            </param>
            <param index="1">
              <value>
                <![CDATA["Check the login functionality"]]>
              </value>
            </param>
          </params>
          <exception class="java.lang.NullPointerException">
            <message>
              <![CDATA[Cannot invoke "com.aventstack.extentreports.ExtentTest.info(String)" because the return value of "com.tbe.reports.ExtentReportManager.getExtentTest()" is null]]>
            </message>
            <full-stacktrace>
              <![CDATA[java.lang.NullPointerException: Cannot invoke "com.aventstack.extentreports.ExtentTest.info(String)" because the return value of "com.tbe.reports.ExtentReportManager.getExtentTest()" is null
at com.tbe.reports.ExtentLogger.info(ExtentLogger.java:22)
at com.tbe.utils.ActionHelper.waitForElementClickable(ActionHelper.java:38)
at com.tbe.utils.ActionHelper.click(ActionHelper.java:17)
at com.tbe.pages.LoginPage.clickOnLoginIcon(LoginPage.java:19)
at StepDefinations.LoginSteps.verifyUserOnLoginPage(LoginSteps.java:16)
at ✽.User is on login page(file:///C:/Users/sagar/eclipse-workspace/CucumberFramework/src/test/resources/Features/login.feature:7)
]]>
            </full-stacktrace>
          </exception> <!-- java.lang.NullPointerException -->
          <reporter-output>
          </reporter-output>
        </test-method> <!-- runScenario -->
        <test-method signature="runScenario(io.cucumber.testng.PickleWrapper,io.cucumber.testng.FeatureWrapper)[pri:0, instance:StepDefinations.TestRunnerClass@7c6908d7]" started-at="2024-07-01T02:24:41 IST" name="runScenario" description="Runs Cucumber Scenarios" data-provider="scenarios" finished-at="2024-07-01T02:24:41 IST" duration-ms="64" status="FAIL">
          <params>
            <param index="0">
              <value>
                <![CDATA["Check login is success with valid credentials"]]>
              </value>
            </param>
            <param index="1">
              <value>
                <![CDATA["Check the login functionality"]]>
              </value>
            </param>
          </params>
          <exception class="java.lang.NullPointerException">
            <message>
              <![CDATA[Cannot invoke "com.aventstack.extentreports.ExtentTest.info(String)" because the return value of "com.tbe.reports.ExtentReportManager.getExtentTest()" is null]]>
            </message>
            <full-stacktrace>
              <![CDATA[java.lang.NullPointerException: Cannot invoke "com.aventstack.extentreports.ExtentTest.info(String)" because the return value of "com.tbe.reports.ExtentReportManager.getExtentTest()" is null
at com.tbe.reports.ExtentLogger.info(ExtentLogger.java:22)
at com.tbe.utils.ActionHelper.waitForElementClickable(ActionHelper.java:38)
at com.tbe.utils.ActionHelper.click(ActionHelper.java:17)
at com.tbe.pages.LoginPage.clickOnLoginIcon(LoginPage.java:19)
at StepDefinations.LoginSteps.verifyUserOnLoginPage(LoginSteps.java:16)
at ✽.User is on login page(file:///C:/Users/sagar/eclipse-workspace/CucumberFramework/src/test/resources/Features/login.feature:7)
]]>
            </full-stacktrace>
          </exception> <!-- java.lang.NullPointerException -->
          <reporter-output>
          </reporter-output>
        </test-method> <!-- runScenario -->
        <test-method is-config="true" signature="tearDownClass()[pri:0, instance:StepDefinations.TestRunnerClass@7c6908d7]" started-at="2024-07-01T02:24:41 IST" name="tearDownClass" finished-at="2024-07-01T02:24:41 IST" duration-ms="15" status="PASS">
          <reporter-output>
          </reporter-output>
        </test-method> <!-- tearDownClass -->
      </class> <!-- StepDefinations.TestRunnerClass -->
    </test> <!-- Default test -->
  </suite> <!-- Default suite -->
</testng-results>
