<?xml version="1.0" encoding="UTF-8"?>
<!-- Generated by org.testng.reporters.JUnitReportReporter -->
<testsuite hostname="Sagar" failures="0" tests="2" name="StepDefinations.TestRunnerClass" time="2.892" errors="2" timestamp="2024-07-01T02:24:41 IST" skipped="0">
  <testcase classname="StepDefinations.TestRunnerClass" name="runScenario" time="0.064">
    <error message="Cannot invoke &quot;com.aventstack.extentreports.ExtentTest.info(String)&quot; because the return value of &quot;com.tbe.reports.ExtentReportManager.getExtentTest()&quot; is null" type="java.lang.NullPointerException">
      <![CDATA[java.lang.NullPointerException: Cannot invoke "com.aventstack.extentreports.ExtentTest.info(String)" because the return value of "com.tbe.reports.ExtentReportManager.getExtentTest()" is null
at com.tbe.reports.ExtentLogger.info(ExtentLogger.java:22)
at com.tbe.utils.ActionHelper.waitForElementClickable(ActionHelper.java:38)
at com.tbe.utils.ActionHelper.click(ActionHelper.java:17)
at com.tbe.pages.LoginPage.clickOnLoginIcon(LoginPage.java:19)
at StepDefinations.LoginSteps.verifyUserOnLoginPage(LoginSteps.java:16)
at ✽.User is on login page(file:///C:/Users/sagar/eclipse-workspace/CucumberFramework/src/test/resources/Features/login.feature:7)
]]>
    </error>
  </testcase> <!-- runScenario -->
  <testcase classname="StepDefinations.TestRunnerClass" name="runScenario" time="2.828">
    <error message="Cannot invoke &quot;com.aventstack.extentreports.ExtentTest.info(String)&quot; because the return value of &quot;com.tbe.reports.ExtentReportManager.getExtentTest()&quot; is null" type="java.lang.NullPointerException">
      <![CDATA[java.lang.NullPointerException: Cannot invoke "com.aventstack.extentreports.ExtentTest.info(String)" because the return value of "com.tbe.reports.ExtentReportManager.getExtentTest()" is null
at com.tbe.reports.ExtentLogger.info(ExtentLogger.java:22)
at com.tbe.utils.ActionHelper.waitForElementClickable(ActionHelper.java:38)
at com.tbe.utils.ActionHelper.click(ActionHelper.java:17)
at com.tbe.pages.LoginPage.clickOnLoginIcon(LoginPage.java:19)
at StepDefinations.LoginSteps.verifyUserOnLoginPage(LoginSteps.java:16)
at ✽.User is on login page(file:///C:/Users/sagar/eclipse-workspace/CucumberFramework/src/test/resources/Features/login.feature:7)
]]>
    </error>
  </testcase> <!-- runScenario -->
</testsuite> <!-- StepDefinations.TestRunnerClass -->
